Arguments: 
  C:\Program Files\nodejs\node.exe C:\Program Files (x86)\Yarn\bin\yarn.js add mongodb mongoose bcryptjs validator jsonwebtoken

PATH: 
  C:\Program Files\Common Files\Oracle\Java\javapath;C:\Windows\system32;C:\Windows;C:\Windows\System32\Wbem;C:\Windows\System32\WindowsPowerShell\v1.0\;C:\Windows\System32\OpenSSH\;C:\Program Files\Microsoft VS Code\bin;C:\Program Files\nodejs\;C:\Program Files\Git\cmd;C:\Program Files (x86)\Yarn\bin\;C:\Users\ASUS\AppData\Local\Microsoft\WindowsApps;C:\Users\ASUS\AppData\Roaming\npm;C:\Users\ASUS\AppData\Local\Yarn\bin

Yarn version: 
  1.22.4

Node version: 
  16.14.0

Platform: 
  win32 x64

Trace: 
  Error: EPERM: operation not permitted, unlink 'D:\Project\ITJobs clone\Recruit-Website\node_modules\node-sass\vendor\win32-x64-93\binding.node'

npm manifest: 
  {
    "name": "itjobs",
    "version": "1.0.0",
    "description": "",
    "main": "index.js",
    "scripts": {
      "watch": "node-sass --watch ./src/scss --output ./src/public/css ",
      "start" : "env-cmd -f ./.env nodemon src/app.js",
      "test": "echo \"Error: no test specified\" && exit 1"
    },
    "author": "",
    "license": "ISC",
    "dependencies": {
      "aos": "^2.3.4",
      "bcrypt": "^5.0.1",
      "body-parser": "^1.19.2",
      "cookie": "^0.4.2",
      "cookie-parser": "^1.4.6",
      "dotenv": "^16.0.0",
      "express": "^4.17.3",
      "express-flash": "github:RGBboy/express-flash",
      "express-handlebars": "^6.0.3",
      "express-session": "^1.17.2",
      "jsonwebtoken": "^8.5.1",
      "method-override": "^3.0.0",
      "mongoose": "^6.2.4",
      "mongoose-slug-generator": "^1.0.4",
      "node-sass": "^7.0.1",
      "nodemailer": "^6.7.2",
      "passport": "^0.5.2",
      "passport-local": "^1.0.0"
    },
    "devDependencies": {
      "nodemon": "^2.0.15"
    }
  }

yarn manifest: 
  No manifest

Lockfile: 
  No lockfile
